<?xml version="1.0" encoding="UTF-8" ?>
<testsuite tests="8" failures="0" name="com.gft.avaliacao.service.PedidoServiceTest" time="0.128" errors="0" skipped="0">
  <properties>
[...]
</properties>
  <testcase classname="com.gft.avaliacao.service.PedidoServiceTest" name="ordemSemPeriodoInformado" time="0"/>
  <testcase classname="com.gft.avaliacao.service.PedidoServiceTest" name="ordemNoiteDuplaBatata" time="0.126"/>
  <testcase classname="com.gft.avaliacao.service.PedidoServiceTest" name="ordemManhaCompleta" time="0.001"/>
  <testcase classname="com.gft.avaliacao.service.PedidoServiceTest" name="ordemManhaTriploCafe" time="0"/>
  <testcase classname="com.gft.avaliacao.service.PedidoServiceTest" name="ordemNoiteCompleta" time="0.001"/>
  <testcase classname="com.gft.avaliacao.service.PedidoServiceTest" name="ordemManhaSobremesa" time="0"/>
  <testcase classname="com.gft.avaliacao.service.PedidoServiceTest" name="ordemSemItensInformados" time="0"/>
  <testcase classname="com.gft.avaliacao.service.PedidoServiceTest" name="OrdemManhaInvertida" time="0"/>
</testsuite>